  Game.cpp
d:\users\alon\source\repos\consoleapplication1\consoleapplication1\game.cpp(51): warning C4244: 'argument': conversion from 'T' to 'float', possible loss of data
          with
          [
              T=unsigned int
          ]
d:\users\alon\source\repos\consoleapplication1\consoleapplication1\game.cpp(170): warning C4244: 'initializing': conversion from 'float' to 'int', possible loss of data
d:\users\alon\source\repos\consoleapplication1\consoleapplication1\game.cpp(170): warning C4244: '+=': conversion from 'float' to 'int', possible loss of data
d:\users\alon\source\repos\consoleapplication1\consoleapplication1\game.cpp(210): warning C4244: '=': conversion from 'double' to 'float', possible loss of data
d:\users\alon\source\repos\consoleapplication1\consoleapplication1\game.cpp(246): warning C4244: 'argument': conversion from 'double' to 'T', possible loss of data
          with
          [
              T=float
          ]
  Generating code
  1 of 38 functions ( 2.6%) were compiled, the rest were copied from previous compilation.
    0 functions were new in current compilation
    1 functions had inline decision re-evaluated but remain unchanged
  Finished generating code
  ConsoleApplication1.vcxproj -> D:\users\alon\source\repos\ConsoleApplication1\Release\ConsoleApplication1.exe
